Das Erste => ./../png0/daserste.png
ZDF => ./../png0/zdf.png
RTL Television => ./../png0/rtltelevision.png	RTL
SAT.1 => ./../png0/sat1.png
VOX => ./../png0/vox.png
RTL2 => ./../png0/rtl2.png
ProSieben => ./../png0/prosieben.png
KABEL1 => ./../png0/kabel1.png
Super RTL => ./../png0/superrtl.png	S RTL
ORF1 => ./../png0/orf1.png
ORF2 => ./../png0/orf2.png
ATV+ => ./../png0/atv+.png
3sat => ./../png0/3sat.png
NDR FS MV => ./../png0/ndrfsmv.png
WDR Köln => ./../png0/wdrköln.png
MDR FERNSEHEN => ./../png0/mdrfernsehen.png
Bayerisches FS => ./../png0/bayerischesfs.png
SWR Fernsehen BW => ./../png0/swrfernsehenbw.png
rbb Brandenburg => ./../png0/rbbbrandenburg.png
hr-fernsehen => ./../png0/hrfernsehen.png
KiKa => ./../png0/kika.png
BR-alpha => ./../png0/bralpha.png
arte => ./../png0/arte.png
Phoenix => ./../png0/phoenix.png
SR SÜDWEST Ferns. => ./../png0/srsüdwestferns.png
rbb Berlin => ./../png0/rbbberlin.png
easy.TV Info => ./../png0/easytvinfo.png
easy.TV Silverline => ./../png0/easytvsilverline.png
easy.TV AXN => ./../png0/easytvaxn.png
easy.TV Nat Geo => ./../png0/easytvnatgeo.png
easy.TV Extreme => ./../png0/easytvextreme.png
easy.TV erofirst => ./../png0/easytverofirst.png
easy.TV hotX => ./../png0/easytvhotx.png
EinsExtra => ./../png0/einsextra.png
EinsFestival => ./../png0/einsfestival.png
EinsPlus => ./../png0/einsplus.png
ZDFinfokanal => ./../png0/zdfinfokanal.png
ZDFtheaterkanal => ./../png0/zdftheaterkanal.png
ZDFdokukanal => ./../png0/zdfdokukanal.png
Eurosport => ./../png0/eurosport.png
DSF => ./../png0/dsf.png
n-tv => ./../png0/ntv.png
N24 => ./../png0/n24.png
CNN Int. => ./../png0/cnnint.png
EuroNews => ./../png0/euronews.png
LibertyTV FR => ./../png0/libertytvfr.png
VIVA => ./../png0/viva.png
VIVA PLUS => ./../png0/vivaplus.png
VIVA => failed
9Live => ./../png0/9live.png
SexySat => ./../png0/sexysat.png
! LifeStyle-TV ! => ./../png0/lifestyletv.png
PREMIERE START => ./../png0/premierestart.png	START
PREMIERE 1 => ./../png0/premiere1.png	PREM 1
PREMIERE 2 => ./../png0/premiere2.png	PREM 2
PREMIERE 3 => ./../png0/premiere3.png	PREM 3
PREMIERE 4 => ./../png0/premiere4.png	PREM 4
PREMIERE 5 => ./../png0/premiere5.png	PREM 5
PREMIERE 6 => ./../png0/premiere6.png	PREM 6
PREMIERE 7 => ./../png0/premiere7.png	PREM 7
PREMIERE SERIE => ./../png0/premiereserie.png	SERIE
13 TH STREET => ./../png0/13thstreet.png	13 TH
SCI FI => ./../png0/scifi.png
DISNEY CHANNEL => ./../png0/disneychannel.png	DISNEY
PREMIERE NOSTALGIE => ./../png0/premierenostalgie.png	NOSTALGIE
MGM => ./../png0/mgm.png
PREMIERE KRIMI => ./../png0/premierekrimi.png	KRIMI
DISCOVERY CHANNEL => ./../png0/discoverychannel.png	DISCOVERY
JETIX => ./../png0/jetix.png
JUNIOR => ./../png0/junior.png	JUNIOR => failed
PREMIERE DIREKT => ./../png0/premieredirekt.png	DIREKT
Beate-Uhse.TV => ./../png0/beateuhsetv.png
PREMIERE WIN => ./../png0/premierewin.png	WIN
PREMIERE Austria => ./../png1/premiereaustria.png
SAT.1-CH => ./../png0/sat1ch.png
TV.BERLIN => ./../png0/tvberlin.png
TELE 5 => ./../png0/tele5.png
Bahn TV => ./../png0/bahntv.png
DMAX => ./../png0/dmax.png
HSE24 Digital => ./../png0/hse24digital.png
Traumpartner TV => ./../png0/traumpartnertv.png
RTL Shop => ./../png0/rtlshop.png
n-tv => failed
Sonnenklar TV => ./../png0/sonnenklartv.png	SonnenTV
AstroTV => ./../png0/astrotv.png
HSE24 => ./../png0/hse24.png	HSE24 => failed
TELE 5 => failed
arte => failed
hr1 => ./../png1/hr1.png
ARD-Online-Kanal => ./../png1/ardonlinekanal.png
MDR S-ANHALT => ./../png0/mdrsanhalt.png
MDR SACHSEN => ./../png0/mdrsachsen.png
MDR THÜRINGEN => ./../png0/mdrthüringen.png
NDR FS HH => ./../png0/ndrfshh.png
NDR FS NDS => ./../png0/ndrfsnds.png
NDR FS SH => ./../png0/ndrfssh.png
SWR Fernsehen RP => ./../png0/swrfernsehenrp.png
HOERZU DIGITAL => ./../png1/hoerzudigital.png
RTL4 => ./../png0/rtl4.png
RTL5 => ./../png0/rtl5.png
TV Oranje => ./../png0/tvoranje.png
Animal Planet => ./../png0/animalplanet.png
EUROSPORT => ./../png0/eurosport.png
Hallmark => ./../png0/hallmark.png
ASTRA-Mosaic => ./../png0/astramosaic.png
RTL Tele Letzebuerg => ./../png0/rtlteleletzebuerg.png
fresh 4U => ./../png0/fresh4u.png
QVC Deutschland => ./../png0/qvcdeutschland.png
Bloomberg TV Germany => ./../png0/bloombergtvgermany.png
Chamber TV => ./../png0/chambertv.png
PREMIERE Austria => failed	PREM A
RNFplus => ./../png0/rnfplus.png	RNF
TV.BERLIN => failed	TV.B
Franken SAT => ./../png0/frankensat.png	FSAT
LokalSAT => ./../png1/lokalsat.png
GOD Channel => ./../png0/godchannel.png	GOD
YAVIDO CLIPS => ./../png0/yavidoclips.png	Y CLIPS
K-TV => ./../png0/ktv.png
rhein main tv => ./../png0/rheinmaintv.png
K1010 => ./../png0/k1010.png
Bestseller TV => ./../png0/bestsellertv.png
CLASSICA => ./../png0/classica.png
BEATE-UHSE.TV => ./../png0/beateuhsetv.png	B-UHSE
GOLDSTAR TV => ./../png0/goldstartv.png	GOLDSTAR
HEIMATKANAL => ./../png0/heimatkanal.png	HEIMAT
arena home => ./../png0/arenahome.png	arena
THEMA LIVE => ./../png0/themalive.png	THEMA
PREMIERE SPORT PORTAL => ./../png0/premieresportportal.png	SPORT PORTAL
BLUE MOVIE => ./../png1/bluemovie.png
BLUE MOVIE Extra => ./../png0/bluemovieextra.png
HITRADIO OE3 => ./../png0/hitradiooe3.png
GoTV => ./../png0/gotv.png
Super RTL A => ./../png1/superrtla.png
RTL2 Austria => ./../png1/rtl2austria.png
VOX Austria => ./../png1/voxaustria.png
RTL Austria => ./../png1/rtlaustria.png
Travel => ./../png0/travel.png
Cartoon Network => ./../png0/cartoonnetwork.png
TCM => ./../png0/tcm.png
TCM => failed
TVBS => ./../png0/tvbs.png
ANIMAL PLANET => ./../png0/animalplanet.png	ANIMAL
DISCOVERY GESCHICHTE => ./../png0/discoverygeschichte.png	GESCHICHTE
HIT24 => ./../png0/hit24.png
RTL7 => ./../png0/rtl7.png
13 TH STREET => failed	13 TH => failed
HIT24 => failed
CLASSICA => failed
GigaTV => ./../png0/gigatv.png
FOCUS GESUNDHEIT => ./../png0/focusgesundheit.png	GESUND
BEATE-UHSE.TV => failed	B-UHSE => failed
Entertainment Channel => ./../png0/entertainmentchannel.png
hr1 => failed
MDR JUMP => ./../png0/mdrjump.png
SWR1 BW => ./../png0/swr1bw.png
SWR1 RP => ./../png0/swr1rp.png
SWR4 BW => ./../png0/swr4bw.png
SWR4 RP => ./../png0/swr4rp.png
Radio Bremen TV => ./../png0/radiobrementv.png
Bahn TV => failed
K-TV => failed
XXP => ./../png0/xxp.png
LifeStyle-TV => ./../png0/lifestyletv.png
rhein main tv => failed
K1010 => failed
bietbox => ./../png0/bietbox.png
Bestseller TV => failed
SexySat => failed
Entertainment Factory => ./../png1/entertainmentfactory.png
BLUE MOVIE Gay => ./../png0/bluemoviegay.png
TAQUILLA X => ./../png0/taquillax.png
TAQUILLA FÚTBOL => ./../png0/taquillaftbol.png
CANAL ESTRELLAS => ./../png0/canalestrellas.png
BARÇA TV => ./../png0/baratv.png
C+ DEPORTE 3 => ./../png0/c+deporte3.png
TVE 1 => ./../png0/tve1.png
BOOMERANG => ./../png0/boomerang.png
GUÍA DIGITAL+ => ./../png0/guadigital+.png
LA CAIXA => ./../png0/lacaixa.png
ONCEplus => ./../png0/onceplus.png
IBERDROLA => ./../png0/iberdrola.png
MOVISTAR => ./../png0/movistar.png
COMPRA SMS => ./../png0/comprasms.png
PLAYINTV => ./../png0/playintv.png
MTV Music => ./../png1/mtvmusic.png
MTV Germany => ./../png0/mtvgermany.png
MTV Pulse => ./../png0/mtvpulse.png
MTV Idol => ./../png0/mtvidol.png
NICK => ./../png0/nick.png
M6 Boutique => ./../png0/m6boutique.png
L1MBURG TV => ./../png0/l1mburgtv.png
C+ DEPORTE 3 => failed
PLAYINTV => failed
COMPRA SMS => failed
PREMIERE SERIE => failed	SERIE => failed
PREMIERE KRIMI => failed	KRIMI => failed
PREMIERE FILMCLASSICS => ./../png0/premierefilmclassics.png	FILMCLASSICS
PREMIERE FILMFEST => ./../png0/premierefilmfest.png	FILMFEST
PREMIERE NOSTALGIE => failed	NOSTALGIE => failed
TW1 => ./../png0/tw1.png
GoTV => failed
NASN => ./../png0/nasn.png
ORF2 W => ./../png1/orf2w.png
ORF2 N => ./../png1/orf2n.png
ORF2 B => ./../png1/orf2b.png
ORF2 O => ./../png1/orf2o.png
ORF2 S => ./../png1/orf2s.png
ORF2 T => ./../png1/orf2t.png
ORF2 V => ./../png1/orf2v.png
ORF2 St => ./../png1/orf2st.png
ORF2 K => ./../png1/orf2k.png
SCI FI => failed
MGM => failed
PREMIERE START => failed	START => failed
Eurosport => failed
EuroNews => failed
C CINEMA 169 => ./../png0/ccinema169.png
CINE POLAR => ./../png0/cinepolar.png
GULLI => ./../png0/gulli.png
TEVA => ./../png0/teva.png
BBC PRIME => ./../png0/bbcprime.png
MOTORS TV => ./../png0/motorstv.png
E! ENTERTAINMENT => ./../png0/eentertainment.png
eUrotic TV => ./../png0/eurotictv.png
PLAYBOY TV => ./../png0/playboytv.png
ZIKXXL => ./../png0/zikxxl.png
Hustler TV => ./../png0/hustlertv.png	Hustler TV => failed
